2021-02-03 22:39:26,386 - test_login.py[line:52] - INFO: 登录功能-异常场景用例-输入用户名和错误的密码登录
2021-02-03 22:39:26,386 - basepage.py[line:21] - INFO: 登录页面_用户名输入,等待('xpath', '//input[@name="phone"]')元素可见
2021-02-03 22:39:26,407 - basepage.py[line:33] - INFO: 元素等待结束，开始时间为：2021-02-03 22:39:26.386938，结束时间为：2021-02-03 22:39:26.407882，等待时长为：-1 day, 23:59:59.979056
2021-02-03 22:39:26,407 - basepage.py[line:52] - INFO: 登录页面_用户名输入,查找元素('xpath', '//input[@name="phone"]')
2021-02-03 22:39:26,413 - basepage.py[line:69] - INFO: 登录页面_用户名输入,在('xpath', '//input[@name="phone"]')中输入信息18684720553
2021-02-03 22:39:26,473 - basepage.py[line:21] - INFO: 登录页面_密码输入,等待('xpath', '//input[@name="password"]')元素可见
2021-02-03 22:39:26,495 - basepage.py[line:33] - INFO: 元素等待结束，开始时间为：2021-02-03 22:39:26.473707，结束时间为：2021-02-03 22:39:26.495648，等待时长为：-1 day, 23:59:59.978059
2021-02-03 22:39:26,495 - basepage.py[line:52] - INFO: 登录页面_密码输入,查找元素('xpath', '//input[@name="password"]')
2021-02-03 22:39:26,501 - basepage.py[line:69] - INFO: 登录页面_密码输入,在('xpath', '//input[@name="password"]')中输入信息111111111111
2021-02-03 22:39:26,559 - basepage.py[line:21] - INFO: 登录页面_点击登录按钮,等待('xpath', '//button[text()="登录"]')元素可见
2021-02-03 22:39:26,575 - basepage.py[line:33] - INFO: 元素等待结束，开始时间为：2021-02-03 22:39:26.559477，结束时间为：2021-02-03 22:39:26.575434，等待时长为：-1 day, 23:59:59.984043
2021-02-03 22:39:26,575 - basepage.py[line:52] - INFO: 登录页面_点击登录按钮,查找元素('xpath', '//button[text()="登录"]')
2021-02-03 22:39:26,581 - basepage.py[line:84] - INFO: 登录页面_点击登录按钮,点击元素('xpath', '//button[text()="登录"]')
2021-02-03 22:39:26,617 - basepage.py[line:21] - INFO: 登录页面_获取不存在或者输入错误密码的表单提示信息,等待('xpath', '//div[@class="layui-layer-content"]')元素可见
2021-02-03 22:39:27,153 - basepage.py[line:33] - INFO: 元素等待结束，开始时间为：2021-02-03 22:39:26.617322，结束时间为：2021-02-03 22:39:27.153223，等待时长为：-1 day, 23:59:59.464099
2021-02-03 22:39:27,153 - basepage.py[line:37] - INFO: 登录页面_获取不存在或者输入错误密码的表单提示信息,等待('xpath', '//div[@class="layui-layer-content"]')元素存在
2021-02-03 22:39:27,165 - basepage.py[line:48] - INFO: 元素等待结束，开始时间为：2021-02-03 22:39:27.153223，结束时间为：2021-02-03 22:39:27.165190，等待时长为-1 day, 23:59:59.988033
2021-02-03 22:39:27,165 - basepage.py[line:52] - INFO: 登录页面_获取不存在或者输入错误密码的表单提示信息,查找元素('xpath', '//div[@class="layui-layer-content"]')
2021-02-03 22:39:27,171 - basepage.py[line:99] - INFO: 登录页面_获取不存在或者输入错误密码的表单提示信息,获取('xpath', '//div[@class="layui-layer-content"]')元素的文本内容.
2021-02-03 22:39:27,180 - basepage.py[line:108] - INFO: 获取的文本值为:帐号或密码错误!
2021-02-03 22:39:36,082 - test_login.py[line:47] - INFO: 登录功能-异常场景用例-输入未注册用户名和密码登录
2021-02-03 22:39:36,083 - basepage.py[line:21] - INFO: 登录页面_用户名输入,等待('xpath', '//input[@name="phone"]')元素可见
2021-02-03 22:39:36,103 - basepage.py[line:33] - INFO: 元素等待结束，开始时间为：2021-02-03 22:39:36.083373，结束时间为：2021-02-03 22:39:36.103963，等待时长为：-1 day, 23:59:59.979410
2021-02-03 22:39:36,103 - basepage.py[line:52] - INFO: 登录页面_用户名输入,查找元素('xpath', '//input[@name="phone"]')
2021-02-03 22:39:36,109 - basepage.py[line:69] - INFO: 登录页面_用户名输入,在('xpath', '//input[@name="phone"]')中输入信息18684720554
2021-02-03 22:39:36,170 - basepage.py[line:21] - INFO: 登录页面_密码输入,等待('xpath', '//input[@name="password"]')元素可见
2021-02-03 22:39:36,190 - basepage.py[line:33] - INFO: 元素等待结束，开始时间为：2021-02-03 22:39:36.170132，结束时间为：2021-02-03 22:39:36.190084，等待时长为：-1 day, 23:59:59.980048
2021-02-03 22:39:36,191 - basepage.py[line:52] - INFO: 登录页面_密码输入,查找元素('xpath', '//input[@name="password"]')
2021-02-03 22:39:36,198 - basepage.py[line:69] - INFO: 登录页面_密码输入,在('xpath', '//input[@name="password"]')中输入信息python
2021-02-03 22:39:36,249 - basepage.py[line:21] - INFO: 登录页面_点击登录按钮,等待('xpath', '//button[text()="登录"]')元素可见
2021-02-03 22:39:36,266 - basepage.py[line:33] - INFO: 元素等待结束，开始时间为：2021-02-03 22:39:36.249318，结束时间为：2021-02-03 22:39:36.266304，等待时长为：-1 day, 23:59:59.983014
2021-02-03 22:39:36,266 - basepage.py[line:52] - INFO: 登录页面_点击登录按钮,查找元素('xpath', '//button[text()="登录"]')
2021-02-03 22:39:36,272 - basepage.py[line:84] - INFO: 登录页面_点击登录按钮,点击元素('xpath', '//button[text()="登录"]')
2021-02-03 22:39:36,305 - basepage.py[line:21] - INFO: 登录页面_获取不存在或者输入错误密码的表单提示信息,等待('xpath', '//div[@class="layui-layer-content"]')元素可见
2021-02-03 22:39:36,828 - basepage.py[line:33] - INFO: 元素等待结束，开始时间为：2021-02-03 22:39:36.305168，结束时间为：2021-02-03 22:39:36.828964，等待时长为：-1 day, 23:59:59.476204
2021-02-03 22:39:36,828 - basepage.py[line:37] - INFO: 登录页面_获取不存在或者输入错误密码的表单提示信息,等待('xpath', '//div[@class="layui-layer-content"]')元素存在
2021-02-03 22:39:36,841 - basepage.py[line:48] - INFO: 元素等待结束，开始时间为：2021-02-03 22:39:36.828964，结束时间为：2021-02-03 22:39:36.841878，等待时长为-1 day, 23:59:59.987086
2021-02-03 22:39:36,841 - basepage.py[line:52] - INFO: 登录页面_获取不存在或者输入错误密码的表单提示信息,查找元素('xpath', '//div[@class="layui-layer-content"]')
2021-02-03 22:39:36,847 - basepage.py[line:99] - INFO: 登录页面_获取不存在或者输入错误密码的表单提示信息,获取('xpath', '//div[@class="layui-layer-content"]')元素的文本内容.
2021-02-03 22:39:36,856 - basepage.py[line:108] - INFO: 获取的文本值为:此账号没有经过授权，请联系管理员!
2021-02-03 22:39:45,080 - test_login.py[line:57] - INFO: 登录功能-异常场景用例-不输入用户名或者密码以及错误的用户名登录
2021-02-03 22:39:45,080 - basepage.py[line:21] - INFO: 登录页面_用户名输入,等待('xpath', '//input[@name="phone"]')元素可见
2021-02-03 22:39:45,100 - basepage.py[line:33] - INFO: 元素等待结束，开始时间为：2021-02-03 22:39:45.080110，结束时间为：2021-02-03 22:39:45.100879，等待时长为：-1 day, 23:59:59.979231
2021-02-03 22:39:45,100 - basepage.py[line:52] - INFO: 登录页面_用户名输入,查找元素('xpath', '//input[@name="phone"]')
2021-02-03 22:39:45,106 - basepage.py[line:69] - INFO: 登录页面_用户名输入,在('xpath', '//input[@name="phone"]')中输入信息
2021-02-03 22:39:45,146 - basepage.py[line:21] - INFO: 登录页面_密码输入,等待('xpath', '//input[@name="password"]')元素可见
2021-02-03 22:39:45,171 - basepage.py[line:33] - INFO: 元素等待结束，开始时间为：2021-02-03 22:39:45.146729，结束时间为：2021-02-03 22:39:45.171733，等待时长为：-1 day, 23:59:59.974996
2021-02-03 22:39:45,171 - basepage.py[line:52] - INFO: 登录页面_密码输入,查找元素('xpath', '//input[@name="password"]')
2021-02-03 22:39:45,178 - basepage.py[line:69] - INFO: 登录页面_密码输入,在('xpath', '//input[@name="password"]')中输入信息python
2021-02-03 22:39:45,233 - basepage.py[line:21] - INFO: 登录页面_点击登录按钮,等待('xpath', '//button[text()="登录"]')元素可见
2021-02-03 22:39:45,251 - basepage.py[line:33] - INFO: 元素等待结束，开始时间为：2021-02-03 22:39:45.234565，结束时间为：2021-02-03 22:39:45.251786，等待时长为：-1 day, 23:59:59.982779
2021-02-03 22:39:45,251 - basepage.py[line:52] - INFO: 登录页面_点击登录按钮,查找元素('xpath', '//button[text()="登录"]')
2021-02-03 22:39:45,257 - basepage.py[line:84] - INFO: 登录页面_点击登录按钮,点击元素('xpath', '//button[text()="登录"]')
2021-02-03 22:39:45,293 - basepage.py[line:21] - INFO: 登录页面_不输入用户名或密码的提示信息,等待('xpath', '//div[@class="form-error-info"]')元素可见
2021-02-03 22:39:45,312 - basepage.py[line:33] - INFO: 元素等待结束，开始时间为：2021-02-03 22:39:45.294123，结束时间为：2021-02-03 22:39:45.312074，等待时长为：-1 day, 23:59:59.982049
2021-02-03 22:39:45,312 - basepage.py[line:37] - INFO: 登录页面_不输入用户名或密码的提示信息,等待('xpath', '//div[@class="form-error-info"]')元素存在
2021-02-03 22:39:45,325 - basepage.py[line:48] - INFO: 元素等待结束，开始时间为：2021-02-03 22:39:45.312074，结束时间为：2021-02-03 22:39:45.324758，等待时长为-1 day, 23:59:59.987316
2021-02-03 22:39:45,325 - basepage.py[line:52] - INFO: 登录页面_不输入用户名或密码的提示信息,查找元素('xpath', '//div[@class="form-error-info"]')
2021-02-03 22:39:45,331 - basepage.py[line:99] - INFO: 登录页面_不输入用户名或密码的提示信息,获取('xpath', '//div[@class="form-error-info"]')元素的文本内容.
2021-02-03 22:39:45,342 - basepage.py[line:108] - INFO: 获取的文本值为:请输入手机号
2021-02-03 22:39:53,835 - test_login.py[line:57] - INFO: 登录功能-异常场景用例-不输入用户名或者密码以及错误的用户名登录
2021-02-03 22:39:53,835 - basepage.py[line:21] - INFO: 登录页面_用户名输入,等待('xpath', '//input[@name="phone"]')元素可见
2021-02-03 22:39:53,855 - basepage.py[line:33] - INFO: 元素等待结束，开始时间为：2021-02-03 22:39:53.835199，结束时间为：2021-02-03 22:39:53.855508，等待时长为：-1 day, 23:59:59.979691
2021-02-03 22:39:53,855 - basepage.py[line:52] - INFO: 登录页面_用户名输入,查找元素('xpath', '//input[@name="phone"]')
2021-02-03 22:39:53,861 - basepage.py[line:69] - INFO: 登录页面_用户名输入,在('xpath', '//input[@name="phone"]')中输入信息18684720553
2021-02-03 22:39:53,920 - basepage.py[line:21] - INFO: 登录页面_密码输入,等待('xpath', '//input[@name="password"]')元素可见
2021-02-03 22:39:53,940 - basepage.py[line:33] - INFO: 元素等待结束，开始时间为：2021-02-03 22:39:53.920179，结束时间为：2021-02-03 22:39:53.940253，等待时长为：-1 day, 23:59:59.979926
2021-02-03 22:39:53,940 - basepage.py[line:52] - INFO: 登录页面_密码输入,查找元素('xpath', '//input[@name="password"]')
2021-02-03 22:39:53,946 - basepage.py[line:69] - INFO: 登录页面_密码输入,在('xpath', '//input[@name="password"]')中输入信息
2021-02-03 22:39:53,988 - basepage.py[line:21] - INFO: 登录页面_点击登录按钮,等待('xpath', '//button[text()="登录"]')元素可见
2021-02-03 22:39:54,008 - basepage.py[line:33] - INFO: 元素等待结束，开始时间为：2021-02-03 22:39:53.988125，结束时间为：2021-02-03 22:39:54.008072，等待时长为：-1 day, 23:59:59.980053
2021-02-03 22:39:54,009 - basepage.py[line:52] - INFO: 登录页面_点击登录按钮,查找元素('xpath', '//button[text()="登录"]')
2021-02-03 22:39:54,014 - basepage.py[line:84] - INFO: 登录页面_点击登录按钮,点击元素('xpath', '//button[text()="登录"]')
2021-02-03 22:39:54,043 - basepage.py[line:21] - INFO: 登录页面_不输入用户名或密码的提示信息,等待('xpath', '//div[@class="form-error-info"]')元素可见
2021-02-03 22:39:54,060 - basepage.py[line:33] - INFO: 元素等待结束，开始时间为：2021-02-03 22:39:54.043299，结束时间为：2021-02-03 22:39:54.060252，等待时长为：-1 day, 23:59:59.983047
2021-02-03 22:39:54,060 - basepage.py[line:37] - INFO: 登录页面_不输入用户名或密码的提示信息,等待('xpath', '//div[@class="form-error-info"]')元素存在
2021-02-03 22:39:54,072 - basepage.py[line:48] - INFO: 元素等待结束，开始时间为：2021-02-03 22:39:54.060252，结束时间为：2021-02-03 22:39:54.072259，等待时长为-1 day, 23:59:59.987993
2021-02-03 22:39:54,072 - basepage.py[line:52] - INFO: 登录页面_不输入用户名或密码的提示信息,查找元素('xpath', '//div[@class="form-error-info"]')
2021-02-03 22:39:54,078 - basepage.py[line:99] - INFO: 登录页面_不输入用户名或密码的提示信息,获取('xpath', '//div[@class="form-error-info"]')元素的文本内容.
2021-02-03 22:39:54,088 - basepage.py[line:108] - INFO: 获取的文本值为:请输入密码
2021-02-03 22:40:02,302 - test_login.py[line:57] - INFO: 登录功能-异常场景用例-不输入用户名或者密码以及错误的用户名登录
2021-02-03 22:40:02,302 - basepage.py[line:21] - INFO: 登录页面_用户名输入,等待('xpath', '//input[@name="phone"]')元素可见
2021-02-03 22:40:02,323 - basepage.py[line:33] - INFO: 元素等待结束，开始时间为：2021-02-03 22:40:02.302807，结束时间为：2021-02-03 22:40:02.323623，等待时长为：-1 day, 23:59:59.979184
2021-02-03 22:40:02,323 - basepage.py[line:52] - INFO: 登录页面_用户名输入,查找元素('xpath', '//input[@name="phone"]')
2021-02-03 22:40:02,329 - basepage.py[line:69] - INFO: 登录页面_用户名输入,在('xpath', '//input[@name="phone"]')中输入信息1868472055
2021-02-03 22:40:02,389 - basepage.py[line:21] - INFO: 登录页面_密码输入,等待('xpath', '//input[@name="password"]')元素可见
2021-02-03 22:40:02,410 - basepage.py[line:33] - INFO: 元素等待结束，开始时间为：2021-02-03 22:40:02.389509，结束时间为：2021-02-03 22:40:02.410453，等待时长为：-1 day, 23:59:59.979056
2021-02-03 22:40:02,410 - basepage.py[line:52] - INFO: 登录页面_密码输入,查找元素('xpath', '//input[@name="password"]')
2021-02-03 22:40:02,418 - basepage.py[line:69] - INFO: 登录页面_密码输入,在('xpath', '//input[@name="password"]')中输入信息python
2021-02-03 22:40:02,471 - basepage.py[line:21] - INFO: 登录页面_点击登录按钮,等待('xpath', '//button[text()="登录"]')元素可见
2021-02-03 22:40:02,493 - basepage.py[line:33] - INFO: 元素等待结束，开始时间为：2021-02-03 22:40:02.471290，结束时间为：2021-02-03 22:40:02.493232，等待时长为：-1 day, 23:59:59.978058
2021-02-03 22:40:02,493 - basepage.py[line:52] - INFO: 登录页面_点击登录按钮,查找元素('xpath', '//button[text()="登录"]')
2021-02-03 22:40:02,498 - basepage.py[line:84] - INFO: 登录页面_点击登录按钮,点击元素('xpath', '//button[text()="登录"]')
2021-02-03 22:40:02,534 - basepage.py[line:21] - INFO: 登录页面_不输入用户名或密码的提示信息,等待('xpath', '//div[@class="form-error-info"]')元素可见
2021-02-03 22:40:02,552 - basepage.py[line:33] - INFO: 元素等待结束，开始时间为：2021-02-03 22:40:02.534490，结束时间为：2021-02-03 22:40:02.552467，等待时长为：-1 day, 23:59:59.982023
2021-02-03 22:40:02,552 - basepage.py[line:37] - INFO: 登录页面_不输入用户名或密码的提示信息,等待('xpath', '//div[@class="form-error-info"]')元素存在
2021-02-03 22:40:02,565 - basepage.py[line:48] - INFO: 元素等待结束，开始时间为：2021-02-03 22:40:02.552467，结束时间为：2021-02-03 22:40:02.565430，等待时长为-1 day, 23:59:59.987037
2021-02-03 22:40:02,565 - basepage.py[line:52] - INFO: 登录页面_不输入用户名或密码的提示信息,查找元素('xpath', '//div[@class="form-error-info"]')
2021-02-03 22:40:02,571 - basepage.py[line:99] - INFO: 登录页面_不输入用户名或密码的提示信息,获取('xpath', '//div[@class="form-error-info"]')元素的文本内容.
2021-02-03 22:40:02,581 - basepage.py[line:108] - INFO: 获取的文本值为:请输入正确的手机号
2021-02-03 22:40:10,772 - test_login.py[line:36] - INFO: 登录功能-正常场景用例-输入正确的用户名和密码登录
2021-02-03 22:40:10,772 - basepage.py[line:21] - INFO: 登录页面_用户名输入,等待('xpath', '//input[@name="phone"]')元素可见
2021-02-03 22:40:10,793 - basepage.py[line:33] - INFO: 元素等待结束，开始时间为：2021-02-03 22:40:10.772265，结束时间为：2021-02-03 22:40:10.793221，等待时长为：-1 day, 23:59:59.979044
2021-02-03 22:40:10,794 - basepage.py[line:52] - INFO: 登录页面_用户名输入,查找元素('xpath', '//input[@name="phone"]')
2021-02-03 22:40:10,800 - basepage.py[line:69] - INFO: 登录页面_用户名输入,在('xpath', '//input[@name="phone"]')中输入信息18684720553
2021-02-03 22:40:10,855 - basepage.py[line:21] - INFO: 登录页面_密码输入,等待('xpath', '//input[@name="password"]')元素可见
2021-02-03 22:40:10,877 - basepage.py[line:33] - INFO: 元素等待结束，开始时间为：2021-02-03 22:40:10.855160，结束时间为：2021-02-03 22:40:10.877100，等待时长为：-1 day, 23:59:59.978060
2021-02-03 22:40:10,878 - basepage.py[line:52] - INFO: 登录页面_密码输入,查找元素('xpath', '//input[@name="password"]')
2021-02-03 22:40:10,884 - basepage.py[line:69] - INFO: 登录页面_密码输入,在('xpath', '//input[@name="password"]')中输入信息python
2021-02-03 22:40:10,933 - basepage.py[line:21] - INFO: 登录页面_点击登录按钮,等待('xpath', '//button[text()="登录"]')元素可见
2021-02-03 22:40:10,950 - basepage.py[line:33] - INFO: 元素等待结束，开始时间为：2021-02-03 22:40:10.933948，结束时间为：2021-02-03 22:40:10.950903，等待时长为：-1 day, 23:59:59.983045
2021-02-03 22:40:10,950 - basepage.py[line:52] - INFO: 登录页面_点击登录按钮,查找元素('xpath', '//button[text()="登录"]')
2021-02-03 22:40:10,956 - basepage.py[line:84] - INFO: 登录页面_点击登录按钮,点击元素('xpath', '//button[text()="登录"]')
2021-02-03 22:40:12,092 - basepage.py[line:21] - INFO: 首页_判断用户是否存在,等待('xpath', '//a[contains(text(),"我的帐户")]')元素可见
2021-02-03 22:40:12,114 - basepage.py[line:33] - INFO: 元素等待结束，开始时间为：2021-02-03 22:40:12.092980，结束时间为：2021-02-03 22:40:12.113914，等待时长为：-1 day, 23:59:59.979066
