2021-02-28 12:08:25,551 - test_login.py[line:52] - INFO: 登录功能-异常场景用例-输入用户名和错误的密码登录
2021-02-28 12:08:25,551 - basepage.py[line:21] - INFO: 登录页面_用户名输入,等待('xpath', '//input[@name="phone"]')元素可见
2021-02-28 12:08:25,576 - basepage.py[line:33] - INFO: 元素等待结束，开始时间为：2021-02-28 12:08:25.551963，结束时间为：2021-02-28 12:08:25.576157，等待时长为：-1 day, 23:59:59.975806
2021-02-28 12:08:25,576 - basepage.py[line:52] - INFO: 登录页面_用户名输入,查找元素('xpath', '//input[@name="phone"]')
2021-02-28 12:08:25,582 - basepage.py[line:69] - INFO: 登录页面_用户名输入,在('xpath', '//input[@name="phone"]')中输入信息18684720553
2021-02-28 12:08:25,642 - basepage.py[line:21] - INFO: 登录页面_密码输入,等待('xpath', '//input[@name="password"]')元素可见
2021-02-28 12:08:25,663 - basepage.py[line:33] - INFO: 元素等待结束，开始时间为：2021-02-28 12:08:25.643299，结束时间为：2021-02-28 12:08:25.662249，等待时长为：-1 day, 23:59:59.981050
2021-02-28 12:08:25,663 - basepage.py[line:52] - INFO: 登录页面_密码输入,查找元素('xpath', '//input[@name="password"]')
2021-02-28 12:08:25,669 - basepage.py[line:69] - INFO: 登录页面_密码输入,在('xpath', '//input[@name="password"]')中输入信息111111111111
2021-02-28 12:08:25,722 - basepage.py[line:21] - INFO: 登录页面_点击登录按钮,等待('xpath', '//button[text()="登录"]')元素可见
2021-02-28 12:08:25,739 - basepage.py[line:33] - INFO: 元素等待结束，开始时间为：2021-02-28 12:08:25.722748，结束时间为：2021-02-28 12:08:25.738706，等待时长为：-1 day, 23:59:59.984042
2021-02-28 12:08:25,739 - basepage.py[line:52] - INFO: 登录页面_点击登录按钮,查找元素('xpath', '//button[text()="登录"]')
2021-02-28 12:08:25,744 - basepage.py[line:84] - INFO: 登录页面_点击登录按钮,点击元素('xpath', '//button[text()="登录"]')
2021-02-28 12:08:25,780 - basepage.py[line:21] - INFO: 登录页面_获取不存在或者输入错误密码的表单提示信息,等待('xpath', '//div[@class="layui-layer-content"]')元素可见
2021-02-28 12:08:26,309 - basepage.py[line:33] - INFO: 元素等待结束，开始时间为：2021-02-28 12:08:25.780593，结束时间为：2021-02-28 12:08:26.309445，等待时长为：-1 day, 23:59:59.471148
2021-02-28 12:08:26,309 - basepage.py[line:37] - INFO: 登录页面_获取不存在或者输入错误密码的表单提示信息,等待('xpath', '//div[@class="layui-layer-content"]')元素存在
2021-02-28 12:08:26,322 - basepage.py[line:48] - INFO: 元素等待结束，开始时间为：2021-02-28 12:08:26.309445，结束时间为：2021-02-28 12:08:26.322695，等待时长为-1 day, 23:59:59.986750
2021-02-28 12:08:26,322 - basepage.py[line:52] - INFO: 登录页面_获取不存在或者输入错误密码的表单提示信息,查找元素('xpath', '//div[@class="layui-layer-content"]')
2021-02-28 12:08:26,327 - basepage.py[line:99] - INFO: 登录页面_获取不存在或者输入错误密码的表单提示信息,获取('xpath', '//div[@class="layui-layer-content"]')元素的文本内容.
2021-02-28 12:08:26,337 - basepage.py[line:108] - INFO: 获取的文本值为:帐号或密码错误!
