2021-02-03 22:36:05,865 - test_login.py[line:52] - INFO: 登录功能-异常场景用例-输入用户名和错误的密码登录
2021-02-03 22:36:05,865 - basepage.py[line:21] - INFO: 登录页面_用户名输入,等待('xpath', '//input[@name="phone"]')元素可见
2021-02-03 22:36:05,885 - basepage.py[line:33] - INFO: 元素等待结束，开始时间为：2021-02-03 22:36:05.865025，结束时间为：2021-02-03 22:36:05.885942，等待时长为：-1 day, 23:59:59.979083
2021-02-03 22:36:05,885 - basepage.py[line:52] - INFO: 登录页面_用户名输入,查找元素('xpath', '//input[@name="phone"]')
2021-02-03 22:36:05,891 - basepage.py[line:69] - INFO: 登录页面_用户名输入,在('xpath', '//input[@name="phone"]')中输入信息18684720553
2021-02-03 22:36:05,960 - basepage.py[line:21] - INFO: 登录页面_密码输入,等待('xpath', '//input[@name="password"]')元素可见
2021-02-03 22:36:05,981 - basepage.py[line:33] - INFO: 元素等待结束，开始时间为：2021-02-03 22:36:05.960753，结束时间为：2021-02-03 22:36:05.981417，等待时长为：-1 day, 23:59:59.979336
2021-02-03 22:36:05,981 - basepage.py[line:52] - INFO: 登录页面_密码输入,查找元素('xpath', '//input[@name="password"]')
2021-02-03 22:36:05,987 - basepage.py[line:69] - INFO: 登录页面_密码输入,在('xpath', '//input[@name="password"]')中输入信息111111111111
2021-02-03 22:36:06,045 - basepage.py[line:21] - INFO: 登录页面_点击登录按钮,等待('xpath', '//button[text()="登录"]')元素可见
2021-02-03 22:36:06,062 - basepage.py[line:33] - INFO: 元素等待结束，开始时间为：2021-02-03 22:36:06.045247，结束时间为：2021-02-03 22:36:06.062201，等待时长为：-1 day, 23:59:59.983046
2021-02-03 22:36:06,062 - basepage.py[line:52] - INFO: 登录页面_点击登录按钮,查找元素('xpath', '//button[text()="登录"]')
2021-02-03 22:36:06,068 - basepage.py[line:84] - INFO: 登录页面_点击登录按钮,点击元素('xpath', '//button[text()="登录"]')
2021-02-03 22:36:06,102 - basepage.py[line:21] - INFO: 登录页面_获取不存在或者输入错误密码的表单提示信息,等待('xpath', '//div[@class="layui-layer-content"]')元素可见
2021-02-03 22:36:06,640 - basepage.py[line:33] - INFO: 元素等待结束，开始时间为：2021-02-03 22:36:06.102709，结束时间为：2021-02-03 22:36:06.640825，等待时长为：-1 day, 23:59:59.461884
2021-02-03 22:36:06,640 - basepage.py[line:37] - INFO: 登录页面_获取不存在或者输入错误密码的表单提示信息,等待('xpath', '//div[@class="layui-layer-content"]')元素存在
2021-02-03 22:36:06,653 - basepage.py[line:48] - INFO: 元素等待结束，开始时间为：2021-02-03 22:36:06.640825，结束时间为：2021-02-03 22:36:06.653752，等待时长为-1 day, 23:59:59.987073
2021-02-03 22:36:06,653 - basepage.py[line:52] - INFO: 登录页面_获取不存在或者输入错误密码的表单提示信息,查找元素('xpath', '//div[@class="layui-layer-content"]')
2021-02-03 22:36:06,659 - basepage.py[line:99] - INFO: 登录页面_获取不存在或者输入错误密码的表单提示信息,获取('xpath', '//div[@class="layui-layer-content"]')元素的文本内容.
2021-02-03 22:36:06,668 - basepage.py[line:108] - INFO: 获取的文本值为:帐号或密码错误!
2021-02-03 22:36:14,876 - test_login.py[line:47] - INFO: 登录功能-异常场景用例-输入未注册用户名和密码登录
2021-02-03 22:36:14,876 - basepage.py[line:21] - INFO: 登录页面_用户名输入,等待('xpath', '//input[@name="phone"]')元素可见
2021-02-03 22:36:14,898 - basepage.py[line:33] - INFO: 元素等待结束，开始时间为：2021-02-03 22:36:14.876858，结束时间为：2021-02-03 22:36:14.898800，等待时长为：-1 day, 23:59:59.978058
2021-02-03 22:36:14,898 - basepage.py[line:52] - INFO: 登录页面_用户名输入,查找元素('xpath', '//input[@name="phone"]')
2021-02-03 22:36:14,904 - basepage.py[line:69] - INFO: 登录页面_用户名输入,在('xpath', '//input[@name="phone"]')中输入信息18684720554
2021-02-03 22:36:14,961 - basepage.py[line:21] - INFO: 登录页面_密码输入,等待('xpath', '//input[@name="password"]')元素可见
2021-02-03 22:36:14,982 - basepage.py[line:33] - INFO: 元素等待结束，开始时间为：2021-02-03 22:36:14.962628，结束时间为：2021-02-03 22:36:14.982575，等待时长为：-1 day, 23:59:59.980053
2021-02-03 22:36:14,983 - basepage.py[line:52] - INFO: 登录页面_密码输入,查找元素('xpath', '//input[@name="password"]')
2021-02-03 22:36:14,989 - basepage.py[line:69] - INFO: 登录页面_密码输入,在('xpath', '//input[@name="password"]')中输入信息python
2021-02-03 22:36:15,039 - basepage.py[line:21] - INFO: 登录页面_点击登录按钮,等待('xpath', '//button[text()="登录"]')元素可见
2021-02-03 22:36:15,055 - basepage.py[line:33] - INFO: 元素等待结束，开始时间为：2021-02-03 22:36:15.039424，结束时间为：2021-02-03 22:36:15.055381，等待时长为：-1 day, 23:59:59.984043
2021-02-03 22:36:15,055 - basepage.py[line:52] - INFO: 登录页面_点击登录按钮,查找元素('xpath', '//button[text()="登录"]')
2021-02-03 22:36:15,060 - basepage.py[line:84] - INFO: 登录页面_点击登录按钮,点击元素('xpath', '//button[text()="登录"]')
2021-02-03 22:36:15,091 - basepage.py[line:21] - INFO: 登录页面_获取不存在或者输入错误密码的表单提示信息,等待('xpath', '//div[@class="layui-layer-content"]')元素可见
2021-02-03 22:36:15,627 - basepage.py[line:33] - INFO: 元素等待结束，开始时间为：2021-02-03 22:36:15.091284，结束时间为：2021-02-03 22:36:15.627380，等待时长为：-1 day, 23:59:59.463904
2021-02-03 22:36:15,627 - basepage.py[line:37] - INFO: 登录页面_获取不存在或者输入错误密码的表单提示信息,等待('xpath', '//div[@class="layui-layer-content"]')元素存在
2021-02-03 22:36:15,639 - basepage.py[line:48] - INFO: 元素等待结束，开始时间为：2021-02-03 22:36:15.627380，结束时间为：2021-02-03 22:36:15.639314，等待时长为-1 day, 23:59:59.988066
2021-02-03 22:36:15,639 - basepage.py[line:52] - INFO: 登录页面_获取不存在或者输入错误密码的表单提示信息,查找元素('xpath', '//div[@class="layui-layer-content"]')
2021-02-03 22:36:15,645 - basepage.py[line:99] - INFO: 登录页面_获取不存在或者输入错误密码的表单提示信息,获取('xpath', '//div[@class="layui-layer-content"]')元素的文本内容.
2021-02-03 22:36:15,654 - basepage.py[line:108] - INFO: 获取的文本值为:此账号没有经过授权，请联系管理员!
2021-02-03 22:36:23,804 - test_login.py[line:57] - INFO: 登录功能-异常场景用例-不输入用户名或者密码以及错误的用户名登录
2021-02-03 22:36:23,804 - basepage.py[line:21] - INFO: 登录页面_用户名输入,等待('xpath', '//input[@name="phone"]')元素可见
2021-02-03 22:36:23,825 - basepage.py[line:33] - INFO: 元素等待结束，开始时间为：2021-02-03 22:36:23.804310，结束时间为：2021-02-03 22:36:23.825256，等待时长为：-1 day, 23:59:59.979054
2021-02-03 22:36:23,825 - basepage.py[line:52] - INFO: 登录页面_用户名输入,查找元素('xpath', '//input[@name="phone"]')
2021-02-03 22:36:23,833 - basepage.py[line:69] - INFO: 登录页面_用户名输入,在('xpath', '//input[@name="phone"]')中输入信息
2021-02-03 22:36:23,875 - basepage.py[line:21] - INFO: 登录页面_密码输入,等待('xpath', '//input[@name="password"]')元素可见
2021-02-03 22:36:23,900 - basepage.py[line:33] - INFO: 元素等待结束，开始时间为：2021-02-03 22:36:23.875123，结束时间为：2021-02-03 22:36:23.900054，等待时长为：-1 day, 23:59:59.975069
2021-02-03 22:36:23,900 - basepage.py[line:52] - INFO: 登录页面_密码输入,查找元素('xpath', '//input[@name="password"]')
2021-02-03 22:36:23,907 - basepage.py[line:69] - INFO: 登录页面_密码输入,在('xpath', '//input[@name="password"]')中输入信息python
2021-02-03 22:36:23,959 - basepage.py[line:21] - INFO: 登录页面_点击登录按钮,等待('xpath', '//button[text()="登录"]')元素可见
2021-02-03 22:36:23,978 - basepage.py[line:33] - INFO: 元素等待结束，开始时间为：2021-02-03 22:36:23.960893，结束时间为：2021-02-03 22:36:23.978844，等待时长为：-1 day, 23:59:59.982049
2021-02-03 22:36:23,978 - basepage.py[line:52] - INFO: 登录页面_点击登录按钮,查找元素('xpath', '//button[text()="登录"]')
2021-02-03 22:36:23,984 - basepage.py[line:84] - INFO: 登录页面_点击登录按钮,点击元素('xpath', '//button[text()="登录"]')
2021-02-03 22:36:24,023 - basepage.py[line:21] - INFO: 登录页面_不输入用户名或密码的提示信息,等待('xpath', '//div[@class="form-error-info"]')元素可见
2021-02-03 22:36:24,042 - basepage.py[line:33] - INFO: 元素等待结束，开始时间为：2021-02-03 22:36:24.023725，结束时间为：2021-02-03 22:36:24.042674，等待时长为：-1 day, 23:59:59.981051
2021-02-03 22:36:24,043 - basepage.py[line:37] - INFO: 登录页面_不输入用户名或密码的提示信息,等待('xpath', '//div[@class="form-error-info"]')元素存在
2021-02-03 22:36:24,060 - basepage.py[line:48] - INFO: 元素等待结束，开始时间为：2021-02-03 22:36:24.043672，结束时间为：2021-02-03 22:36:24.060629，等待时长为-1 day, 23:59:59.983043
2021-02-03 22:36:24,060 - basepage.py[line:52] - INFO: 登录页面_不输入用户名或密码的提示信息,查找元素('xpath', '//div[@class="form-error-info"]')
2021-02-03 22:36:24,067 - basepage.py[line:99] - INFO: 登录页面_不输入用户名或密码的提示信息,获取('xpath', '//div[@class="form-error-info"]')元素的文本内容.
2021-02-03 22:36:24,077 - basepage.py[line:108] - INFO: 获取的文本值为:请输入手机号
2021-02-03 22:36:34,251 - test_login.py[line:57] - INFO: 登录功能-异常场景用例-不输入用户名或者密码以及错误的用户名登录
2021-02-03 22:36:34,251 - basepage.py[line:21] - INFO: 登录页面_用户名输入,等待('xpath', '//input[@name="phone"]')元素可见
2021-02-03 22:36:34,271 - basepage.py[line:33] - INFO: 元素等待结束，开始时间为：2021-02-03 22:36:34.251212，结束时间为：2021-02-03 22:36:34.271159，等待时长为：-1 day, 23:59:59.980053
2021-02-03 22:36:34,272 - basepage.py[line:52] - INFO: 登录页面_用户名输入,查找元素('xpath', '//input[@name="phone"]')
2021-02-03 22:36:34,277 - basepage.py[line:69] - INFO: 登录页面_用户名输入,在('xpath', '//input[@name="phone"]')中输入信息18684720553
2021-02-03 22:36:34,332 - basepage.py[line:21] - INFO: 登录页面_密码输入,等待('xpath', '//input[@name="password"]')元素可见
2021-02-03 22:36:34,354 - basepage.py[line:33] - INFO: 元素等待结束，开始时间为：2021-02-03 22:36:34.333993，结束时间为：2021-02-03 22:36:34.354936，等待时长为：-1 day, 23:59:59.979057
2021-02-03 22:36:34,354 - basepage.py[line:52] - INFO: 登录页面_密码输入,查找元素('xpath', '//input[@name="password"]')
2021-02-03 22:36:34,361 - basepage.py[line:69] - INFO: 登录页面_密码输入,在('xpath', '//input[@name="password"]')中输入信息
2021-02-03 22:36:34,405 - basepage.py[line:21] - INFO: 登录页面_点击登录按钮,等待('xpath', '//button[text()="登录"]')元素可见
2021-02-03 22:36:34,425 - basepage.py[line:33] - INFO: 元素等待结束，开始时间为：2021-02-03 22:36:34.405798，结束时间为：2021-02-03 22:36:34.425746，等待时长为：-1 day, 23:59:59.980052
2021-02-03 22:36:34,425 - basepage.py[line:52] - INFO: 登录页面_点击登录按钮,查找元素('xpath', '//button[text()="登录"]')
2021-02-03 22:36:34,430 - basepage.py[line:84] - INFO: 登录页面_点击登录按钮,点击元素('xpath', '//button[text()="登录"]')
2021-02-03 22:36:34,459 - basepage.py[line:21] - INFO: 登录页面_不输入用户名或密码的提示信息,等待('xpath', '//div[@class="form-error-info"]')元素可见
2021-02-03 22:36:34,478 - basepage.py[line:33] - INFO: 元素等待结束，开始时间为：2021-02-03 22:36:34.459655，结束时间为：2021-02-03 22:36:34.478605，等待时长为：-1 day, 23:59:59.981050
2021-02-03 22:36:34,478 - basepage.py[line:37] - INFO: 登录页面_不输入用户名或密码的提示信息,等待('xpath', '//div[@class="form-error-info"]')元素存在
2021-02-03 22:36:34,493 - basepage.py[line:48] - INFO: 元素等待结束，开始时间为：2021-02-03 22:36:34.479602，结束时间为：2021-02-03 22:36:34.493569，等待时长为-1 day, 23:59:59.986033
2021-02-03 22:36:34,493 - basepage.py[line:52] - INFO: 登录页面_不输入用户名或密码的提示信息,查找元素('xpath', '//div[@class="form-error-info"]')
2021-02-03 22:36:34,498 - basepage.py[line:99] - INFO: 登录页面_不输入用户名或密码的提示信息,获取('xpath', '//div[@class="form-error-info"]')元素的文本内容.
2021-02-03 22:36:34,508 - basepage.py[line:108] - INFO: 获取的文本值为:请输入密码
2021-02-03 22:36:43,318 - test_login.py[line:57] - INFO: 登录功能-异常场景用例-不输入用户名或者密码以及错误的用户名登录
2021-02-03 22:36:43,318 - basepage.py[line:21] - INFO: 登录页面_用户名输入,等待('xpath', '//input[@name="phone"]')元素可见
2021-02-03 22:36:43,339 - basepage.py[line:33] - INFO: 元素等待结束，开始时间为：2021-02-03 22:36:43.318885，结束时间为：2021-02-03 22:36:43.339790，等待时长为：-1 day, 23:59:59.979095
2021-02-03 22:36:43,339 - basepage.py[line:52] - INFO: 登录页面_用户名输入,查找元素('xpath', '//input[@name="phone"]')
2021-02-03 22:36:43,344 - basepage.py[line:69] - INFO: 登录页面_用户名输入,在('xpath', '//input[@name="phone"]')中输入信息1868472055
2021-02-03 22:36:43,400 - basepage.py[line:21] - INFO: 登录页面_密码输入,等待('xpath', '//input[@name="password"]')元素可见
2021-02-03 22:36:43,421 - basepage.py[line:33] - INFO: 元素等待结束，开始时间为：2021-02-03 22:36:43.400857，结束时间为：2021-02-03 22:36:43.421132，等待时长为：-1 day, 23:59:59.979725
2021-02-03 22:36:43,421 - basepage.py[line:52] - INFO: 登录页面_密码输入,查找元素('xpath', '//input[@name="password"]')
2021-02-03 22:36:43,428 - basepage.py[line:69] - INFO: 登录页面_密码输入,在('xpath', '//input[@name="password"]')中输入信息python
2021-02-03 22:36:43,480 - basepage.py[line:21] - INFO: 登录页面_点击登录按钮,等待('xpath', '//button[text()="登录"]')元素可见
2021-02-03 22:36:43,497 - basepage.py[line:33] - INFO: 元素等待结束，开始时间为：2021-02-03 22:36:43.480253，结束时间为：2021-02-03 22:36:43.497209，等待时长为：-1 day, 23:59:59.983044
2021-02-03 22:36:43,497 - basepage.py[line:52] - INFO: 登录页面_点击登录按钮,查找元素('xpath', '//button[text()="登录"]')
2021-02-03 22:36:43,503 - basepage.py[line:84] - INFO: 登录页面_点击登录按钮,点击元素('xpath', '//button[text()="登录"]')
2021-02-03 22:36:43,536 - basepage.py[line:21] - INFO: 登录页面_不输入用户名或密码的提示信息,等待('xpath', '//div[@class="form-error-info"]')元素可见
2021-02-03 22:36:43,558 - basepage.py[line:33] - INFO: 元素等待结束，开始时间为：2021-02-03 22:36:43.536105，结束时间为：2021-02-03 22:36:43.558045，等待时长为：-1 day, 23:59:59.978060
2021-02-03 22:36:43,558 - basepage.py[line:37] - INFO: 登录页面_不输入用户名或密码的提示信息,等待('xpath', '//div[@class="form-error-info"]')元素存在
2021-02-03 22:36:43,571 - basepage.py[line:48] - INFO: 元素等待结束，开始时间为：2021-02-03 22:36:43.558045，结束时间为：2021-02-03 22:36:43.571009，等待时长为-1 day, 23:59:59.987036
2021-02-03 22:36:43,571 - basepage.py[line:52] - INFO: 登录页面_不输入用户名或密码的提示信息,查找元素('xpath', '//div[@class="form-error-info"]')
2021-02-03 22:36:43,577 - basepage.py[line:99] - INFO: 登录页面_不输入用户名或密码的提示信息,获取('xpath', '//div[@class="form-error-info"]')元素的文本内容.
2021-02-03 22:36:43,590 - basepage.py[line:108] - INFO: 获取的文本值为:请输入正确的手机号
2021-02-03 22:36:51,781 - test_login.py[line:36] - INFO: 登录功能-正常场景用例-输入正确的用户名和密码登录
2021-02-03 22:36:51,781 - basepage.py[line:21] - INFO: 登录页面_用户名输入,等待('xpath', '//input[@name="phone"]')元素可见
2021-02-03 22:36:51,802 - basepage.py[line:33] - INFO: 元素等待结束，开始时间为：2021-02-03 22:36:51.781243，结束时间为：2021-02-03 22:36:51.802524，等待时长为：-1 day, 23:59:59.978719
2021-02-03 22:36:51,802 - basepage.py[line:52] - INFO: 登录页面_用户名输入,查找元素('xpath', '//input[@name="phone"]')
2021-02-03 22:36:51,808 - basepage.py[line:69] - INFO: 登录页面_用户名输入,在('xpath', '//input[@name="phone"]')中输入信息18684720553
2021-02-03 22:36:51,866 - basepage.py[line:21] - INFO: 登录页面_密码输入,等待('xpath', '//input[@name="password"]')元素可见
2021-02-03 22:36:51,886 - basepage.py[line:33] - INFO: 元素等待结束，开始时间为：2021-02-03 22:36:51.866372，结束时间为：2021-02-03 22:36:51.886764，等待时长为：-1 day, 23:59:59.979608
2021-02-03 22:36:51,886 - basepage.py[line:52] - INFO: 登录页面_密码输入,查找元素('xpath', '//input[@name="password"]')
2021-02-03 22:36:51,893 - basepage.py[line:69] - INFO: 登录页面_密码输入,在('xpath', '//input[@name="password"]')中输入信息python
2021-02-03 22:36:51,944 - basepage.py[line:21] - INFO: 登录页面_点击登录按钮,等待('xpath', '//button[text()="登录"]')元素可见
2021-02-03 22:36:51,962 - basepage.py[line:33] - INFO: 元素等待结束，开始时间为：2021-02-03 22:36:51.944611，结束时间为：2021-02-03 22:36:51.962565，等待时长为：-1 day, 23:59:59.982046
2021-02-03 22:36:51,963 - basepage.py[line:52] - INFO: 登录页面_点击登录按钮,查找元素('xpath', '//button[text()="登录"]')
2021-02-03 22:36:51,969 - basepage.py[line:84] - INFO: 登录页面_点击登录按钮,点击元素('xpath', '//button[text()="登录"]')
2021-02-03 22:36:53,069 - basepage.py[line:21] - INFO: 首页_判断用户是否存在,等待('xpath', '//a[contains(text(),"我的帐户")]')元素可见
2021-02-03 22:36:53,090 - basepage.py[line:33] - INFO: 元素等待结束，开始时间为：2021-02-03 22:36:53.069540，结束时间为：2021-02-03 22:36:53.090521，等待时长为：-1 day, 23:59:59.979019
